生成启动时间为 2015-04-10 周五 14:39:26。
     1>项目“E:\git\littlerabbit\src\littlerabbit\SysMsg\SysMsg.vcxproj”在节点 2 上(build 个目标)。
     1>InitializeBuildStatus:
         正在创建“Debug\SysMsg.unsuccessfulbuild”，因为已指定“AlwaysCreate”。
       ClCompile:
         所有输出均为最新。
         C:\Program Files\Microsoft Visual Studio 10.0\VC\bin\CL.exe /c /ZI /nologo /W3 /WX- /Od /Oy- /D WIN32 /D _DEBUG /D _LIB /D _UNICODE /D UNICODE /D _AFXDLL /Gm /EHsc /RTC1 /MDd /GS /fp:precise /Zc:wchar_t /Zc:forScope /Yu"StdAfx.h" /Fp"Debug\SysMsg.pch" /Fo"Debug\\" /Fd"Debug\vc100.pdb" /Gd /TP /analyze- /errorReport:prompt GetMsgInfo.cpp
         GetMsgInfo.cpp
     1>e:\git\littlerabbit\src\littlerabbit\sysmsg\getmsginfo.h(11): warning C4091: “typedef ”: 没有声明变量时忽略“PCMsg”的左侧
     1>e:\git\littlerabbit\src\littlerabbit\sysmsg\getmsginfo.cpp(13): warning C4996: 'sprintf': This function or variable may be unsafe. Consider using sprintf_s instead. To disable deprecation, use _CRT_SECURE_NO_WARNINGS. See online help for details.
                 c:\program files\microsoft visual studio 10.0\vc\include\stdio.h(371) : 参见“sprintf”的声明
     1>e:\git\littlerabbit\src\littlerabbit\sysmsg\getmsginfo.cpp(14): warning C4996: 'sprintf': This function or variable may be unsafe. Consider using sprintf_s instead. To disable deprecation, use _CRT_SECURE_NO_WARNINGS. See online help for details.
                 c:\program files\microsoft visual studio 10.0\vc\include\stdio.h(371) : 参见“sprintf”的声明
     1>e:\git\littlerabbit\src\littlerabbit\sysmsg\getmsginfo.cpp(15): warning C4996: 'sprintf': This function or variable may be unsafe. Consider using sprintf_s instead. To disable deprecation, use _CRT_SECURE_NO_WARNINGS. See online help for details.
                 c:\program files\microsoft visual studio 10.0\vc\include\stdio.h(371) : 参见“sprintf”的声明
     1>e:\git\littlerabbit\src\littlerabbit\sysmsg\getmsginfo.cpp(41): warning C4996: 'sprintf': This function or variable may be unsafe. Consider using sprintf_s instead. To disable deprecation, use _CRT_SECURE_NO_WARNINGS. See online help for details.
                 c:\program files\microsoft visual studio 10.0\vc\include\stdio.h(371) : 参见“sprintf”的声明
     1>e:\git\littlerabbit\src\littlerabbit\sysmsg\getmsginfo.cpp(69): warning C4996: 'sprintf': This function or variable may be unsafe. Consider using sprintf_s instead. To disable deprecation, use _CRT_SECURE_NO_WARNINGS. See online help for details.
                 c:\program files\microsoft visual studio 10.0\vc\include\stdio.h(371) : 参见“sprintf”的声明
     1>e:\git\littlerabbit\src\littlerabbit\sysmsg\getmsginfo.cpp(76): warning C4996: 'sprintf': This function or variable may be unsafe. Consider using sprintf_s instead. To disable deprecation, use _CRT_SECURE_NO_WARNINGS. See online help for details.
                 c:\program files\microsoft visual studio 10.0\vc\include\stdio.h(371) : 参见“sprintf”的声明
       Lib:
         C:\Program Files\Microsoft Visual Studio 10.0\VC\bin\Lib.exe /OUT:"E:\git\littlerabbit\src\littlerabbit\Debug\SysMsg.lib" /NOLOGO Debug\CpuMsg.obj
         Debug\GetMsgInfo.obj
         Debug\stdafx.obj
         SysMsg.vcxproj -> E:\git\littlerabbit\src\littlerabbit\Debug\SysMsg.lib
       FinalizeBuildStatus:
         正在删除文件“Debug\SysMsg.unsuccessfulbuild”。
         正在对“Debug\SysMsg.lastbuildstate”执行 Touch 任务。
     1>已完成生成项目“E:\git\littlerabbit\src\littlerabbit\SysMsg\SysMsg.vcxproj”(build 个目标)的操作。

生成成功。

已用时间 00:00:01.93
