生成启动时间为 2015-04-10 周五 15:23:03。
     1>项目“E:\git\littlerabbit\src\littlerabbit\CPing\CPing.vcxproj”在节点 2 上(build 个目标)。
     1>InitializeBuildStatus:
         正在创建“Debug\CPing.unsuccessfulbuild”，因为已指定“AlwaysCreate”。
       ClCompile:
         C:\Program Files\Microsoft Visual Studio 10.0\VC\bin\CL.exe /c /ZI /nologo /W3 /WX- /Od /Oy- /D _MBCS /Gm /EHsc /RTC1 /MDd /GS /fp:precise /Zc:wchar_t /Zc:forScope /Fo"Debug\\" /Fd"Debug\vc100.pdb" /Gd /TP /analyze- /errorReport:prompt pingtest.cpp
         pingtest.cpp
     1>e:\git\littlerabbit\src\littlerabbit\cping\pingtest.cpp(54): warning C4996: 'strcat': This function or variable may be unsafe. Consider using strcat_s instead. To disable deprecation, use _CRT_SECURE_NO_WARNINGS. See online help for details.
                 c:\program files\microsoft visual studio 10.0\vc\include\string.h(110) : 参见“strcat”的声明
     1>e:\git\littlerabbit\src\littlerabbit\cping\pingtest.cpp(55): warning C4996: 'strcat': This function or variable may be unsafe. Consider using strcat_s instead. To disable deprecation, use _CRT_SECURE_NO_WARNINGS. See online help for details.
                 c:\program files\microsoft visual studio 10.0\vc\include\string.h(110) : 参见“strcat”的声明
     1>e:\git\littlerabbit\src\littlerabbit\cping\pingtest.cpp(56): warning C4996: 'strcat': This function or variable may be unsafe. Consider using strcat_s instead. To disable deprecation, use _CRT_SECURE_NO_WARNINGS. See online help for details.
                 c:\program files\microsoft visual studio 10.0\vc\include\string.h(110) : 参见“strcat”的声明
       Link:
         C:\Program Files\Microsoft Visual Studio 10.0\VC\bin\link.exe /ERRORREPORT:PROMPT /OUT:"E:\git\littlerabbit\src\littlerabbit\Debug\CPing.exe" /NOLOGO kernel32.lib user32.lib gdi32.lib winspool.lib comdlg32.lib advapi32.lib shell32.lib ole32.lib oleaut32.lib uuid.lib odbc32.lib odbccp32.lib /MANIFEST /ManifestFile:"Debug\CPing.exe.intermediate.manifest" /MANIFESTUAC:"level='asInvoker' uiAccess='false'" /DEBUG /PDB:"E:\git\littlerabbit\src\littlerabbit\Debug\CPing.pdb" /TLBID:1 /DYNAMICBASE /NXCOMPAT /IMPLIB:"E:\git\littlerabbit\src\littlerabbit\Debug\CPing.lib" /MACHINE:X86 Debug\pingtest.obj
         LINK : 没有找到 E:\git\littlerabbit\src\littlerabbit\Debug\CPing.exe 或上一个增量链接没有生成它；正在执行完全链接
         CPing.vcxproj -> E:\git\littlerabbit\src\littlerabbit\Debug\CPing.exe
       Manifest:
         C:\Program Files\Microsoft SDKs\Windows\v7.0A\bin\mt.exe /nologo /verbose /outputresource:"E:\git\littlerabbit\src\littlerabbit\Debug\CPing.exe;#1" /manifest Debug\CPing.exe.intermediate.manifest
       FinalizeBuildStatus:
         正在删除文件“Debug\CPing.unsuccessfulbuild”。
         正在对“Debug\CPing.lastbuildstate”执行 Touch 任务。
     1>已完成生成项目“E:\git\littlerabbit\src\littlerabbit\CPing\CPing.vcxproj”(build 个目标)的操作。

生成成功。

已用时间 00:00:02.67
