生成启动时间为 2015-04-07 周二 11:23:38。
     1>项目“E:\git\littlerabbit\src\littlerabbit\littlerabbit\littlerabbit.vcxproj”在节点 2 上(build 个目标)。
     1>PrepareForBuild:
         正在创建目录“E:\git\littlerabbit\src\littlerabbit\Debug\”。
       InitializeBuildStatus:
         正在创建“Debug\littlerabbit.unsuccessfulbuild”，因为已指定“AlwaysCreate”。
       ClCompile:
         C:\Program Files\Microsoft Visual Studio 10.0\VC\bin\CL.exe /c /ZI /nologo /W3 /WX- /Od /Oy- /D _MBCS /Gm /EHsc /RTC1 /MDd /GS /fp:precise /Zc:wchar_t /Zc:forScope /Fo"Debug\\" /Fd"Debug\vc100.pdb" /Gd /TP /analyze- /errorReport:prompt Test.cpp
         Test.cpp
       Link:
         C:\Program Files\Microsoft Visual Studio 10.0\VC\bin\link.exe /ERRORREPORT:PROMPT /OUT:"E:\git\littlerabbit\src\littlerabbit\Debug\littlerabbit.exe" /NOLOGO kernel32.lib user32.lib gdi32.lib winspool.lib comdlg32.lib advapi32.lib shell32.lib ole32.lib oleaut32.lib uuid.lib odbc32.lib odbccp32.lib /MANIFEST /ManifestFile:"Debug\littlerabbit.exe.intermediate.manifest" /MANIFESTUAC:"level='asInvoker' uiAccess='false'" /DEBUG /PDB:"E:\git\littlerabbit\src\littlerabbit\Debug\littlerabbit.pdb" /TLBID:1 /DYNAMICBASE /NXCOMPAT /IMPLIB:"E:\git\littlerabbit\src\littlerabbit\Debug\littlerabbit.lib" /MACHINE:X86 Debug\Test.obj
         littlerabbit.vcxproj -> E:\git\littlerabbit\src\littlerabbit\Debug\littlerabbit.exe
       Manifest:
         C:\Program Files\Microsoft SDKs\Windows\v7.0A\bin\mt.exe /nologo /verbose /outputresource:"E:\git\littlerabbit\src\littlerabbit\Debug\littlerabbit.exe;#1" /manifest Debug\littlerabbit.exe.intermediate.manifest
       FinalizeBuildStatus:
         正在删除文件“Debug\littlerabbit.unsuccessfulbuild”。
         正在对“Debug\littlerabbit.lastbuildstate”执行 Touch 任务。
     1>已完成生成项目“E:\git\littlerabbit\src\littlerabbit\littlerabbit\littlerabbit.vcxproj”(build 个目标)的操作。

生成成功。

已用时间 00:00:03.05
